<?xml version="1.0" encoding="UTF-8"?>
<!-- Generated by org.testng.reporters.JUnitXMLReporter -->
<testsuite hostname="DESKTOP-KIH8VHJ" ignored="0" name="Test" tests="10" failures="0" timestamp="2021-11-22T12:20:50 IST" time="325.157" errors="0">
  <testcase name="feature" time="89.209" classname="cucumber.api.testng.AbstractTestNGCucumberTests"/>
  <testcase name="feature" time="78.307" classname="cucumber.api.testng.AbstractTestNGCucumberTests"/>
  <testcase name="feature" time="18.872" classname="cucumber.api.testng.AbstractTestNGCucumberTests"/>
  <testcase name="feature" time="19.491" classname="cucumber.api.testng.AbstractTestNGCucumberTests"/>
  <testcase name="feature" time="20.75" classname="cucumber.api.testng.AbstractTestNGCucumberTests"/>
  <testcase name="feature" time="17.631" classname="cucumber.api.testng.AbstractTestNGCucumberTests"/>
  <testcase name="feature" time="17.325" classname="cucumber.api.testng.AbstractTestNGCucumberTests"/>
  <testcase name="feature" time="20.758" classname="cucumber.api.testng.AbstractTestNGCucumberTests"/>
  <testcase name="feature" time="16.744" classname="cucumber.api.testng.AbstractTestNGCucumberTests"/>
  <testcase name="feature" time="24.833" classname="cucumber.api.testng.AbstractTestNGCucumberTests"/>
</testsuite> <!-- Test -->
