<?xml version="1.0" encoding="UTF-8"?>
<testsuite xmlns:xsi="http://www.w3.org/2001/XMLSchema-instance" xsi:schemaLocation="https://maven.apache.org/surefire/maven-surefire-plugin/xsd/surefire-test-report.xsd" name="TestSuite" time="43.933" tests="3" errors="0" skipped="0" failures="1">
  <properties>
[...]
</properties>
  <testcase name="feature" classname="Runner.TestRunner" time="2.709">
    <failure message="org.openqa.selenium.WebDriverException: unknown error: Chrome failed to start: exited normally.&#10;  (unknown error: DevToolsActivePort file doesn&apos;t exist)&#10;  (The process started from chrome location C:\Program Files\Google\Chrome\Application\chrome.exe is no longer running, so ChromeDriver is assuming that Chrome has crashed.)&#10;Build info: version: &apos;3.141.59&apos;, revision: &apos;e82be7d358&apos;, time: &apos;2018-11-14T08:17:03&apos;&#10;System info: host: &apos;DESKTOP-KIH8VHJ&apos;, ip: &apos;192.168.29.231&apos;, os.name: &apos;Windows 10&apos;, os.arch: &apos;amd64&apos;, os.version: &apos;10.0&apos;, java.version: &apos;1.8.0_311&apos;&#10;Driver info: driver.version: ChromeDriver&#10;remote stacktrace: Backtrace:&#10;	Ordinal0 [0x00A03AB3+2505395]&#10;	Ordinal0 [0x0099AE41+2076225]&#10;	Ordinal0 [0x008A2498+1057944]&#10;	Ordinal0 [0x008BD860+1169504]&#10;	Ordinal0 [0x008B9EBF+1154751]&#10;	Ordinal0 [0x008EA02F+1351727]&#10;	Ordinal0 [0x008E9C9A+1350810]&#10;	Ordinal0 [0x008E58BB+1333435]&#10;	Ordinal0 [0x008C23E4+1188836]&#10;	Ordinal0 [0x008C323F+1192511]&#10;	GetHandleVerifier [0x00B8CB36+1554566]&#10;	GetHandleVerifier [0x00C34A0C+2242396]&#10;	GetHandleVerifier [0x00A90E0B+523099]&#10;	GetHandleVerifier [0x00A8FEB0+519168]&#10;	Ordinal0 [0x009A02FD+2097917]&#10;	Ordinal0 [0x009A4388+2114440]&#10;	Ordinal0 [0x009A44C2+2114754]&#10;	Ordinal0 [0x009AE041+2154561]&#10;	BaseThreadInitThunk [0x76F9FA29+25]&#10;	RtlGetAppContainerNamedObjectPath [0x770F7A9E+286]&#10;	RtlGetAppContainerNamedObjectPath [0x770F7A6E+238]&#10;" type="cucumber.runtime.CucumberException">cucumber.runtime.CucumberException: 
org.openqa.selenium.WebDriverException: unknown error: Chrome failed to start: exited normally.
  (unknown error: DevToolsActivePort file doesn't exist)
  (The process started from chrome location C:\Program Files\Google\Chrome\Application\chrome.exe is no longer running, so ChromeDriver is assuming that Chrome has crashed.)
Build info: version: '3.141.59', revision: 'e82be7d358', time: '2018-11-14T08:17:03'
System info: host: 'DESKTOP-KIH8VHJ', ip: '192.168.29.231', os.name: 'Windows 10', os.arch: 'amd64', os.version: '10.0', java.version: '1.8.0_311'
Driver info: driver.version: ChromeDriver
remote stacktrace: Backtrace:
	Ordinal0 [0x00A03AB3+2505395]
	Ordinal0 [0x0099AE41+2076225]
	Ordinal0 [0x008A2498+1057944]
	Ordinal0 [0x008BD860+1169504]
	Ordinal0 [0x008B9EBF+1154751]
	Ordinal0 [0x008EA02F+1351727]
	Ordinal0 [0x008E9C9A+1350810]
	Ordinal0 [0x008E58BB+1333435]
	Ordinal0 [0x008C23E4+1188836]
	Ordinal0 [0x008C323F+1192511]
	GetHandleVerifier [0x00B8CB36+1554566]
	GetHandleVerifier [0x00C34A0C+2242396]
	GetHandleVerifier [0x00A90E0B+523099]
	GetHandleVerifier [0x00A8FEB0+519168]
	Ordinal0 [0x009A02FD+2097917]
	Ordinal0 [0x009A4388+2114440]
	Ordinal0 [0x009A44C2+2114754]
	Ordinal0 [0x009AE041+2154561]
	BaseThreadInitThunk [0x76F9FA29+25]
	RtlGetAppContainerNamedObjectPath [0x770F7A9E+286]
	RtlGetAppContainerNamedObjectPath [0x770F7A6E+238]

Caused by: org.openqa.selenium.WebDriverException: 
unknown error: Chrome failed to start: exited normally.
  (unknown error: DevToolsActivePort file doesn't exist)
  (The process started from chrome location C:\Program Files\Google\Chrome\Application\chrome.exe is no longer running, so ChromeDriver is assuming that Chrome has crashed.)
Build info: version: '3.141.59', revision: 'e82be7d358', time: '2018-11-14T08:17:03'
System info: host: 'DESKTOP-KIH8VHJ', ip: '192.168.29.231', os.name: 'Windows 10', os.arch: 'amd64', os.version: '10.0', java.version: '1.8.0_311'
Driver info: driver.version: ChromeDriver
remote stacktrace: Backtrace:
	Ordinal0 [0x00A03AB3+2505395]
	Ordinal0 [0x0099AE41+2076225]
	Ordinal0 [0x008A2498+1057944]
	Ordinal0 [0x008BD860+1169504]
	Ordinal0 [0x008B9EBF+1154751]
	Ordinal0 [0x008EA02F+1351727]
	Ordinal0 [0x008E9C9A+1350810]
	Ordinal0 [0x008E58BB+1333435]
	Ordinal0 [0x008C23E4+1188836]
	Ordinal0 [0x008C323F+1192511]
	GetHandleVerifier [0x00B8CB36+1554566]
	GetHandleVerifier [0x00C34A0C+2242396]
	GetHandleVerifier [0x00A90E0B+523099]
	GetHandleVerifier [0x00A8FEB0+519168]
	Ordinal0 [0x009A02FD+2097917]
	Ordinal0 [0x009A4388+2114440]
	Ordinal0 [0x009A44C2+2114754]
	Ordinal0 [0x009AE041+2154561]
	BaseThreadInitThunk [0x76F9FA29+25]
	RtlGetAppContainerNamedObjectPath [0x770F7A9E+286]
	RtlGetAppContainerNamedObjectPath [0x770F7A6E+238]

</failure>
    <system-err><![CDATA[log4j:WARN No such property [maxBackupIndex] in Utility.Log.
log4j:WARN No such property [maxFileSize] in Utility.Log.
log4j:ERROR Could not find value for key log4j.appender.CONSOLE
log4j:ERROR Could not instantiate appender named "CONSOLE".
Starting ChromeDriver 95.0.4638.17 (a9d0719444d4b035e284ed1fce73bf6ccd789df2-refs/branch-heads/4638@{#178}) on port 45665
Only local connections are allowed.
Please see https://chromedriver.chromium.org/security-considerations for suggestions on keeping ChromeDriver safe.
ChromeDriver was started successfully.
]]></system-err>
  </testcase>
  <testcase name="feature" classname="Runner.TestRunner" time="22.028"/>
  <testcase name="feature" classname="Runner.TestRunner" time="14.973"/>
</testsuite>